<?xml version="1.0" encoding="UTF-8"?>
<!-- Generated by org.testng.reporters.JUnitXMLReporter -->
<testsuite hostname="cgvak-lt271" failures="1" tests="6" name="Test" time="10.932" errors="0" timestamp="3 Oct 2024 07:10:14 GMT">
  <testcase classname="sauceproject.testcase.checkoutpagetest" name="checkoutpagetest" time="0.514"/>
  <testcase classname="sauceproject.testcase.cartpagetest" name="verifycartpageproducts" time="0.229"/>
  <testcase classname="sauceproject.testcase.productcataloguetest" name="getproductsdromlist" time="0.195"/>
  <testcase classname="sauceproject.testcase.finishpagetest" name="finishpagetest" time="0.556">
    <failure type="java.lang.AssertionError" message="Order success message mismatch! expected [Thank you for your orders!] but found [Thank you for your order!]">
      <![CDATA[java.lang.AssertionError: Order success message mismatch! expected [Thank you for your orders!] but found [Thank you for your order!]
	at sauceproject.testcase.finishpagetest.finishpagetest(finishpagetest.java:50)
... Removed 28 stack frames]]>
    </failure>
  </testcase> <!-- finishpagetest -->
  <testcase classname="sauceproject.testcase.LoginPageTest" name="logintest" time="0.282"/>
  <testcase classname="sauceproject.testcase.LoginPageTest" name="loginPageTitleTest" time="0.01"/>
</testsuite> <!-- Test -->
