<?xml version="1.0" encoding="UTF-8"?>
<testng-results total="6" passed="5" failed="1" skipped="0">
  <reporter-output>
  </reporter-output>
  <suite started-at="2024-10-03T07:10:03Z" name="Suite" finished-at="2024-10-03T07:10:14Z" duration-ms="10932">
    <groups>
    </groups>
    <test started-at="2024-10-03T07:10:03Z" name="Test" finished-at="2024-10-03T07:10:14Z" duration-ms="10932">
      <class name="sauceproject.testcase.LoginPageTest">
        <test-method is-config="true" signature="setup()[pri:0, instance:sauceproject.testcase.LoginPageTest@650eab8]" started-at="2024-10-03T12:40:11Z" name="setup" finished-at="2024-10-03T12:40:12Z" duration-ms="1260" status="PASS">
          <reporter-output>
          </reporter-output>
        </test-method> <!-- setup -->
        <test-method signature="logintest()[pri:0, instance:sauceproject.testcase.LoginPageTest@650eab8]" started-at="2024-10-03T12:40:12Z" name="logintest" finished-at="2024-10-03T12:40:12Z" duration-ms="282" status="PASS">
          <reporter-output>
          </reporter-output>
        </test-method> <!-- logintest -->
        <test-method is-config="true" signature="teardown()[pri:0, instance:sauceproject.testcase.LoginPageTest@650eab8]" started-at="2024-10-03T12:40:12Z" name="teardown" finished-at="2024-10-03T12:40:12Z" duration-ms="92" status="PASS">
          <reporter-output>
          </reporter-output>
        </test-method> <!-- teardown -->
        <test-method is-config="true" signature="setup()[pri:0, instance:sauceproject.testcase.LoginPageTest@650eab8]" started-at="2024-10-03T12:40:12Z" name="setup" finished-at="2024-10-03T12:40:14Z" duration-ms="1167" status="PASS">
          <reporter-output>
          </reporter-output>
        </test-method> <!-- setup -->
        <test-method signature="loginPageTitleTest()[pri:0, instance:sauceproject.testcase.LoginPageTest@650eab8]" started-at="2024-10-03T12:40:14Z" name="loginPageTitleTest" finished-at="2024-10-03T12:40:14Z" duration-ms="10" status="PASS">
          <reporter-output>
          </reporter-output>
        </test-method> <!-- loginPageTitleTest -->
        <test-method is-config="true" signature="teardown()[pri:0, instance:sauceproject.testcase.LoginPageTest@650eab8]" started-at="2024-10-03T12:40:14Z" name="teardown" finished-at="2024-10-03T12:40:14Z" duration-ms="102" status="PASS">
          <reporter-output>
          </reporter-output>
        </test-method> <!-- teardown -->
      </class> <!-- sauceproject.testcase.LoginPageTest -->
      <class name="sauceproject.testcase.productcataloguetest">
        <test-method is-config="true" signature="setup()[pri:0, instance:sauceproject.testcase.productcataloguetest@5b7ea70d]" started-at="2024-10-03T12:40:07Z" name="setup" finished-at="2024-10-03T12:40:08Z" duration-ms="1375" status="PASS">
          <reporter-output>
          </reporter-output>
        </test-method> <!-- setup -->
        <test-method signature="getproductsdromlist()[pri:0, instance:sauceproject.testcase.productcataloguetest@5b7ea70d]" started-at="2024-10-03T12:40:08Z" name="getproductsdromlist" finished-at="2024-10-03T12:40:09Z" duration-ms="195" status="PASS">
          <reporter-output>
          </reporter-output>
        </test-method> <!-- getproductsdromlist -->
        <test-method is-config="true" signature="tearDown()[pri:0, instance:sauceproject.testcase.productcataloguetest@5b7ea70d]" started-at="2024-10-03T12:40:09Z" name="tearDown" finished-at="2024-10-03T12:40:09Z" duration-ms="101" status="PASS">
          <reporter-output>
          </reporter-output>
        </test-method> <!-- tearDown -->
      </class> <!-- sauceproject.testcase.productcataloguetest -->
      <class name="sauceproject.testcase.cartpagetest">
        <test-method is-config="true" signature="setup()[pri:0, instance:sauceproject.testcase.cartpagetest@30f5a68a]" started-at="2024-10-03T12:40:05Z" name="setup" finished-at="2024-10-03T12:40:07Z" duration-ms="1369" status="PASS">
          <reporter-output>
          </reporter-output>
        </test-method> <!-- setup -->
        <test-method signature="verifycartpageproducts()[pri:0, instance:sauceproject.testcase.cartpagetest@30f5a68a]" started-at="2024-10-03T12:40:07Z" name="verifycartpageproducts" finished-at="2024-10-03T12:40:07Z" duration-ms="229" status="PASS">
          <reporter-output>
          </reporter-output>
        </test-method> <!-- verifycartpageproducts -->
        <test-method is-config="true" signature="tearDown()[pri:0, instance:sauceproject.testcase.cartpagetest@30f5a68a]" started-at="2024-10-03T12:40:07Z" name="tearDown" finished-at="2024-10-03T12:40:07Z" duration-ms="201" status="PASS">
          <reporter-output>
          </reporter-output>
        </test-method> <!-- tearDown -->
      </class> <!-- sauceproject.testcase.cartpagetest -->
      <class name="sauceproject.testcase.checkoutpagetest">
        <test-method is-config="true" signature="setup()[pri:0, instance:sauceproject.testcase.checkoutpagetest@2bef51f2]" started-at="2024-10-03T12:40:03Z" name="setup" finished-at="2024-10-03T12:40:05Z" duration-ms="1787" status="PASS">
          <reporter-output>
          </reporter-output>
        </test-method> <!-- setup -->
        <test-method signature="checkoutpagetest()[pri:0, instance:sauceproject.testcase.checkoutpagetest@2bef51f2]" started-at="2024-10-03T12:40:05Z" name="checkoutpagetest" finished-at="2024-10-03T12:40:05Z" duration-ms="514" status="PASS">
          <reporter-output>
          </reporter-output>
        </test-method> <!-- checkoutpagetest -->
        <test-method is-config="true" signature="tearDown()[pri:0, instance:sauceproject.testcase.checkoutpagetest@2bef51f2]" started-at="2024-10-03T12:40:05Z" name="tearDown" finished-at="2024-10-03T12:40:05Z" duration-ms="84" status="PASS">
          <reporter-output>
          </reporter-output>
        </test-method> <!-- tearDown -->
      </class> <!-- sauceproject.testcase.checkoutpagetest -->
      <class name="sauceproject.testcase.finishpagetest">
        <test-method is-config="true" signature="setup()[pri:0, instance:sauceproject.testcase.finishpagetest@5b11a194]" started-at="2024-10-03T12:40:09Z" name="setup" finished-at="2024-10-03T12:40:10Z" duration-ms="1374" status="PASS">
          <reporter-output>
          </reporter-output>
        </test-method> <!-- setup -->
        <test-method signature="finishpagetest()[pri:0, instance:sauceproject.testcase.finishpagetest@5b11a194]" started-at="2024-10-03T12:40:10Z" name="finishpagetest" finished-at="2024-10-03T12:40:11Z" duration-ms="556" status="FAIL">
          <exception class="java.lang.AssertionError">
            <message>
              <![CDATA[Order success message mismatch! expected [Thank you for your orders!] but found [Thank you for your order!]]]>
            </message>
            <full-stacktrace>
              <![CDATA[java.lang.AssertionError: Order success message mismatch! expected [Thank you for your orders!] but found [Thank you for your order!]
	at org.testng.Assert.fail(Assert.java:89)
	at org.testng.Assert.failNotEquals(Assert.java:489)
	at org.testng.Assert.assertEquals(Assert.java:118)
	at org.testng.Assert.assertEquals(Assert.java:171)
	at sauceproject.testcase.finishpagetest.finishpagetest(finishpagetest.java:50)
	at java.base/jdk.internal.reflect.NativeMethodAccessorImpl.invoke0(Native Method)
	at java.base/jdk.internal.reflect.NativeMethodAccessorImpl.invoke(NativeMethodAccessorImpl.java:77)
	at java.base/jdk.internal.reflect.DelegatingMethodAccessorImpl.invoke(DelegatingMethodAccessorImpl.java:43)
	at java.base/java.lang.reflect.Method.invoke(Method.java:568)
	at org.testng.internal.MethodInvocationHelper.invokeMethod(MethodInvocationHelper.java:80)
	at org.testng.internal.Invoker.invokeMethod(Invoker.java:715)
	at org.testng.internal.Invoker.invokeTestMethod(Invoker.java:907)
	at org.testng.internal.Invoker.invokeTestMethods(Invoker.java:1237)
	at org.testng.internal.TestMethodWorker.invokeTestMethods(TestMethodWorker.java:127)
	at org.testng.internal.TestMethodWorker.run(TestMethodWorker.java:111)
	at org.testng.TestRunner.privateRun(TestRunner.java:767)
	at org.testng.TestRunner.run(TestRunner.java:617)
	at org.testng.SuiteRunner.runTest(SuiteRunner.java:334)
	at org.testng.SuiteRunner.runSequentially(SuiteRunner.java:329)
	at org.testng.SuiteRunner.privateRun(SuiteRunner.java:291)
	at org.testng.SuiteRunner.run(SuiteRunner.java:240)
	at org.testng.SuiteRunnerWorker.runSuite(SuiteRunnerWorker.java:51)
	at org.testng.SuiteRunnerWorker.run(SuiteRunnerWorker.java:85)
	at org.testng.TestNG.runSuitesSequentially(TestNG.java:1197)
	at org.testng.TestNG.runSuitesLocally(TestNG.java:1122)
	at org.testng.TestNG.run(TestNG.java:1030)
	at org.testng.remote.AbstractRemoteTestNG.run(AbstractRemoteTestNG.java:115)
	at org.testng.remote.RemoteTestNG.initAndRun(RemoteTestNG.java:293)
	at org.testng.remote.RemoteTestNG.main(RemoteTestNG.java:91)
]]>
            </full-stacktrace>
          </exception> <!-- java.lang.AssertionError -->
          <reporter-output>
          </reporter-output>
        </test-method> <!-- finishpagetest -->
        <test-method is-config="true" signature="tearDown()[pri:0, instance:sauceproject.testcase.finishpagetest@5b11a194]" started-at="2024-10-03T12:40:11Z" name="tearDown" finished-at="2024-10-03T12:40:11Z" duration-ms="87" status="PASS">
          <reporter-output>
          </reporter-output>
        </test-method> <!-- tearDown -->
      </class> <!-- sauceproject.testcase.finishpagetest -->
    </test> <!-- Test -->
  </suite> <!-- Suite -->
</testng-results>
